[ INFO] [I] 2024-03-18 10:15:49: 1    [main] ( GenericTest.java,25 ) - haha
[ INFO] [I] 2024-03-18 10:19:55: 0    [main] ( GenericTest.java,25 ) - haha
[ INFO] [I] 2024-03-18 10:21:29: 0    [main] ( GenericTest.java,40 ) - -1193959466
[ INFO] [I] 2024-03-18 10:24:11: 0    [main] ( GenericTest.java,22 ) - %s
[ INFO] [I] 2024-03-18 10:24:11: 4    [main] ( GenericTest.java,26 ) - 2
[ INFO] [I] 2024-03-18 10:25:29: 0    [main] ( GenericTest.java,22 ) - 1
[ INFO] [I] 2024-03-18 10:25:29: 3    [main] ( GenericTest.java,26 ) - 2
[ INFO] [I] 2024-03-18 10:28:37: 0    [main] ( GenericTest.java,22 ) - 1
[ INFO] [I] 2024-03-18 10:28:37: 4    [main] ( GenericTest.java,26 ) - 2
[ INFO] [I] 2024-03-18 10:37:28: 0    [main] ( GenericTest.java,47 ) - -1193959466
[ INFO] [I] 2024-03-18 10:37:28: 6    [main] ( GenericTest.java,50 ) - 0.7220096548596434
[ INFO] [I] 2024-03-18 10:37:35: 0    [main] ( GenericTest.java,47 ) - -1193959466
[ INFO] [I] 2024-03-18 10:37:35: 4    [main] ( GenericTest.java,50 ) - 0.7220096548596434
[ INFO] [I] 2024-03-18 10:37:39: 0    [main] ( GenericTest.java,47 ) - -1193959466
[ INFO] [I] 2024-03-18 10:37:39: 4    [main] ( GenericTest.java,50 ) - 0.7220096548596434
[ INFO] [I] 2024-03-18 10:40:02: 0    [main] ( GenericTest.java,47 ) - -1193959466
[ INFO] [I] 2024-03-18 10:40:02: 10   [main] ( GenericTest.java,50 ) - 0.7220096548596434
[ INFO] [I] 2024-03-18 10:40:36: 0    [main] ( GenericTest.java,22 ) - 1
[ INFO] [I] 2024-03-18 10:41:48: 71693 [main] ( GenericTest.java,26 ) - 2
[ INFO] [I] 2024-03-20 09:22:51: 0    [main] ( GenericTest.java,22 ) - 1
[ INFO] [I] 2024-03-20 09:22:51: 2    [main] ( GenericTest.java,26 ) - 2
[ INFO] [I] 2024-03-20 09:23:49: 0    [main] ( GenericTest.java,48 ) - -1193959466
[ INFO] [I] 2024-03-20 09:23:49: 5    [main] ( GenericTest.java,51 ) - 0.7220096548596434
[ INFO] [I] 2024-03-20 09:28:49: 0    [main] ( GenericTest.java,49 ) - 10
[ INFO] [I] 2024-03-20 09:28:49: 5    [main] ( GenericTest.java,53 ) - 10.05
[ INFO] [I] 2024-03-20 09:39:47: 0    [main] ( GenericTest.java,49 ) - 10
[ INFO] [I] 2024-03-20 09:39:47: 6    [main] ( GenericTest.java,53 ) - 10.05
[ INFO] [I] 2024-03-20 09:40:04: 0    [main] ( GenericTest.java,22 ) - 1
[ INFO] [I] 2024-03-20 09:40:29: 24659 [main] ( GenericTest.java,26 ) - 2
[ INFO] [I] 2024-03-20 09:41:44: 0    [main] ( GenericTest.java,53 ) - 10
[ INFO] [I] 2024-03-20 09:41:44: 5    [main] ( GenericTest.java,57 ) - 10.05
[ INFO] [I] 2024-03-20 09:41:44: 75   [main] ( GenericTest.java,61 ) - ["11"]
[ INFO] [I] 2024-03-20 09:41:58: 0    [main] ( GenericTest.java,53 ) - 10
[ INFO] [I] 2024-03-20 09:41:58: 5    [main] ( GenericTest.java,57 ) - 10.05
[ INFO] [I] 2024-03-20 09:43:10: 0    [main] ( GenericTest.java,53 ) - 10
[ INFO] [I] 2024-03-20 09:43:10: 6    [main] ( GenericTest.java,57 ) - 10.05
[ INFO] [I] 2024-03-20 09:45:37: 147309 [main] ( GenericTest.java,62 ) - [{"id":10},{"id":10.05}]
[ INFO] [I] 2024-03-20 10:37:40: 0    [main] ( OuterClass1.java,20 ) - className: staticInnerClass
[ INFO] [I] 2024-03-20 10:39:00: 0    [main] ( OuterClass1.java,20 ) - className: staticInnerClass
[ INFO] [I] 2024-03-20 10:39:31: 0    [main] ( OuterClass1.java,20 ) - className: staticInnerClass
[ INFO] [I] 2024-03-20 10:39:46: 0    [main] ( OuterClass1.java,20 ) - className: staticInnerClass
[ INFO] [I] 2024-03-20 10:44:12: 0    [main] ( OuterClass1.java,23 ) - className: staticInnerClass
[ INFO] [I] 2024-03-20 10:44:12: 3    [main] ( OuterClass1.java,25 ) - commonVar：hello
[ INFO] [I] 2024-03-20 10:45:13: 0    [main] ( OuterClass1.java,23 ) - 直接访问_静态成员变量: staticInnerClass
[ INFO] [I] 2024-03-20 10:45:13: 2    [main] ( OuterClass1.java,25 ) - 间接访问_非静态成员变量：hello
[ INFO] [I] 2024-03-20 10:55:40: 0    [main] ( OuterClass2.java,25 ) - 0
[ INFO] [I] 2024-03-20 10:55:40: 3    [main] ( OuterClass2.java,26 ) - 0
[ INFO] [I] 2024-03-20 10:56:37: 0    [main] ( OuterClass2.java,25 ) - a = 
[ INFO] [I] 2024-03-20 10:56:37: 4    [main] ( OuterClass2.java,26 ) - b = 
[ INFO] [I] 2024-03-20 10:56:55: 0    [main] ( OuterClass2.java,25 ) - a = 1
[ INFO] [I] 2024-03-20 10:56:55: 3    [main] ( OuterClass2.java,26 ) - b = 2
[ INFO] [I] 2024-03-20 11:05:18: 0    [main] ( OuterClass3.java,25 ) - 成员变量：a = 1，b = 2，局部变量：c = 3，d = 1
[ INFO] [I] 2024-03-20 11:05:32: 0    [main] ( OuterClass3.java,25 ) - 成员变量：a = 1，b = 2，局部变量：c = 3，d = 4
[ INFO] [I] 2024-03-20 11:06:01: 0    [main] ( OuterClass3.java,25 ) - 成员变量：a = 1，b = 2，局部变量：c = 3，d = 4
[ INFO] [I] 2024-03-20 11:06:13: 0    [main] ( OuterClass3.java,25 ) - 成员变量：a = 1，b = 2，局部变量：c = 3，d = 4
[ INFO] [I] 2024-03-20 11:06:46: 0    [main] ( OuterClass3.java,26 ) - 成员变量：a = 1，b = 2，局部变量：c = 3，d = 4，e = 5
[ INFO] [I] 2024-03-20 11:21:49: 0    [main] ( OuterClass4.java,27 ) - alex，抽象方法：workTime() = {}8
[ INFO] [I] 2024-03-20 11:23:31: 0    [main] ( OuterClass4.java,27 ) - 普通方法：getName() = alex，抽象方法：workTime() = 8
[ INFO] [I] 2024-03-20 11:29:09: 0    [main] ( OuterClass4.java,27 ) - 普通方法：getName() = alex，抽象方法：workTime() = 8
[ INFO] [I] 2024-03-20 11:36:34: 0    [main] ( OuterClass4.java,25 ) - 人员信息，name：张三，age：12, workTime：8
[ INFO] [I] 2024-03-20 11:37:27: 1    [main] ( OuterClass4.java,25 ) - 人员信息，name：张三，age：12, workTime：8
[ INFO] [I] 2024-03-20 11:38:44: 0    [main] ( OuterClass4.java,25 ) - 人员信息，name：张三，age：12, workTime：8
[ INFO] [I] 2024-03-20 11:40:44: 0    [main] ( OuterClass4.java,29 ) - 人员信息，name：张三，age：12, workTime：8
[ INFO] [I] 2024-03-20 11:41:58: 0    [main] ( OuterClass4.java,25 ) - 人员信息，name：张三，age：12, workTime：8
[ INFO] [I] 2024-03-20 11:47:40: 0    [main] ( OuterClass4.java,25 ) - 人员信息，name：张三，age：12, workTime：8
[ INFO] [I] 2024-03-20 12:33:02: 0    [main] ( OfferMyClient.java,41 ) - NIO客服端接收字符：h
[ INFO] [I] 2024-03-20 12:33:02: 4    [main] ( OfferMyClient.java,41 ) - NIO客服端接收字符：e
[ INFO] [I] 2024-03-20 12:33:02: 4    [main] ( OfferMyClient.java,41 ) - NIO客服端接收字符：l
[ INFO] [I] 2024-03-20 12:33:02: 4    [main] ( OfferMyClient.java,41 ) - NIO客服端接收字符：l
[ INFO] [I] 2024-03-20 12:33:02: 5    [main] ( OfferMyClient.java,41 ) - NIO客服端接收字符：o
[ INFO] [I] 2024-03-20 12:33:02: 5    [main] ( OfferMyClient.java,41 ) - NIO客服端接收字符： 
[ INFO] [I] 2024-03-20 12:33:02: 5    [main] ( OfferMyClient.java,41 ) - NIO客服端接收字符：c
[ INFO] [I] 2024-03-20 12:33:02: 6    [main] ( OfferMyClient.java,41 ) - NIO客服端接收字符：l
[ INFO] [I] 2024-03-20 12:33:02: 6    [main] ( OfferMyClient.java,41 ) - NIO客服端接收字符：i
[ INFO] [I] 2024-03-20 12:33:02: 7    [main] ( OfferMyClient.java,41 ) - NIO客服端接收字符：e
[ INFO] [I] 2024-03-20 12:33:02: 7    [main] ( OfferMyClient.java,41 ) - NIO客服端接收字符：n
[ INFO] [I] 2024-03-20 12:33:02: 7    [main] ( OfferMyClient.java,41 ) - NIO客服端接收字符：t
[ INFO] [I] 2024-03-20 12:33:21: 0    [main] ( OfferMyClient.java,41 ) - NIO客服端接收字符：h
[ INFO] [I] 2024-03-20 12:33:21: 2    [main] ( OfferMyClient.java,41 ) - NIO客服端接收字符：e
[ INFO] [I] 2024-03-20 12:33:21: 3    [main] ( OfferMyClient.java,41 ) - NIO客服端接收字符：l
[ INFO] [I] 2024-03-20 12:33:21: 3    [main] ( OfferMyClient.java,41 ) - NIO客服端接收字符：l
[ INFO] [I] 2024-03-20 12:33:21: 3    [main] ( OfferMyClient.java,41 ) - NIO客服端接收字符：o
[ INFO] [I] 2024-03-20 12:33:21: 3    [main] ( OfferMyClient.java,41 ) - NIO客服端接收字符： 
[ INFO] [I] 2024-03-20 12:33:21: 4    [main] ( OfferMyClient.java,41 ) - NIO客服端接收字符：c
[ INFO] [I] 2024-03-20 12:33:21: 4    [main] ( OfferMyClient.java,41 ) - NIO客服端接收字符：l
[ INFO] [I] 2024-03-20 12:33:21: 4    [main] ( OfferMyClient.java,41 ) - NIO客服端接收字符：i
[ INFO] [I] 2024-03-20 12:33:21: 5    [main] ( OfferMyClient.java,41 ) - NIO客服端接收字符：e
[ INFO] [I] 2024-03-20 12:33:21: 5    [main] ( OfferMyClient.java,41 ) - NIO客服端接收字符：n
[ INFO] [I] 2024-03-20 12:33:21: 5    [main] ( OfferMyClient.java,41 ) - NIO客服端接收字符：t
[ INFO] [I] 2024-03-20 12:33:48: 0    [main] ( OfferMyClient.java,41 ) - NIO客服端接收字符：h
[ INFO] [I] 2024-03-20 12:33:48: 3    [main] ( OfferMyClient.java,41 ) - NIO客服端接收字符：e
[ INFO] [I] 2024-03-20 12:33:48: 4    [main] ( OfferMyClient.java,41 ) - NIO客服端接收字符：l
[ INFO] [I] 2024-03-20 12:33:48: 4    [main] ( OfferMyClient.java,41 ) - NIO客服端接收字符：l
[ INFO] [I] 2024-03-20 12:33:48: 4    [main] ( OfferMyClient.java,41 ) - NIO客服端接收字符：o
[ INFO] [I] 2024-03-20 12:33:48: 4    [main] ( OfferMyClient.java,41 ) - NIO客服端接收字符： 
[ INFO] [I] 2024-03-20 12:33:48: 5    [main] ( OfferMyClient.java,41 ) - NIO客服端接收字符：c
[ INFO] [I] 2024-03-20 12:33:48: 5    [main] ( OfferMyClient.java,41 ) - NIO客服端接收字符：l
[ INFO] [I] 2024-03-20 12:33:48: 5    [main] ( OfferMyClient.java,41 ) - NIO客服端接收字符：i
[ INFO] [I] 2024-03-20 12:33:48: 6    [main] ( OfferMyClient.java,41 ) - NIO客服端接收字符：e
[ INFO] [I] 2024-03-20 12:33:48: 6    [main] ( OfferMyClient.java,41 ) - NIO客服端接收字符：n
[ INFO] [I] 2024-03-20 12:33:48: 6    [main] ( OfferMyClient.java,41 ) - NIO客服端接收字符：t
[ INFO] [I] 2024-03-20 12:34:06: 0    [main] ( OfferMyClient.java,41 ) - NIO客服端接收字符：h
[ INFO] [I] 2024-03-20 12:34:06: 3    [main] ( OfferMyClient.java,41 ) - NIO客服端接收字符：e
[ INFO] [I] 2024-03-20 12:34:06: 3    [main] ( OfferMyClient.java,41 ) - NIO客服端接收字符：l
[ INFO] [I] 2024-03-20 12:34:06: 3    [main] ( OfferMyClient.java,41 ) - NIO客服端接收字符：l
[ INFO] [I] 2024-03-20 12:34:06: 3    [main] ( OfferMyClient.java,41 ) - NIO客服端接收字符：o
[ INFO] [I] 2024-03-20 12:34:06: 4    [main] ( OfferMyClient.java,41 ) - NIO客服端接收字符： 
[ INFO] [I] 2024-03-20 12:34:06: 4    [main] ( OfferMyClient.java,41 ) - NIO客服端接收字符：c
[ INFO] [I] 2024-03-20 12:34:06: 5    [main] ( OfferMyClient.java,41 ) - NIO客服端接收字符：l
[ INFO] [I] 2024-03-20 12:34:06: 5    [main] ( OfferMyClient.java,41 ) - NIO客服端接收字符：i
[ INFO] [I] 2024-03-20 12:34:06: 5    [main] ( OfferMyClient.java,41 ) - NIO客服端接收字符：e
[ INFO] [I] 2024-03-20 12:34:06: 5    [main] ( OfferMyClient.java,41 ) - NIO客服端接收字符：n
[ INFO] [I] 2024-03-20 12:34:06: 6    [main] ( OfferMyClient.java,41 ) - NIO客服端接收字符：t
[ INFO] [I] 2024-03-20 12:34:54: 0    [main] ( OfferMyClient.java,41 ) - NIO客服端接收字符：h
[ INFO] [I] 2024-03-20 12:34:54: 4    [main] ( OfferMyClient.java,41 ) - NIO客服端接收字符：e
[ INFO] [I] 2024-03-20 12:34:54: 4    [main] ( OfferMyClient.java,41 ) - NIO客服端接收字符：l
[ INFO] [I] 2024-03-20 12:34:54: 5    [main] ( OfferMyClient.java,41 ) - NIO客服端接收字符：l
[ INFO] [I] 2024-03-20 12:34:54: 5    [main] ( OfferMyClient.java,41 ) - NIO客服端接收字符：o
[ INFO] [I] 2024-03-20 12:34:54: 5    [main] ( OfferMyClient.java,41 ) - NIO客服端接收字符： 
[ INFO] [I] 2024-03-20 12:34:54: 6    [main] ( OfferMyClient.java,41 ) - NIO客服端接收字符：c
[ INFO] [I] 2024-03-20 12:34:54: 6    [main] ( OfferMyClient.java,41 ) - NIO客服端接收字符：l
[ INFO] [I] 2024-03-20 12:34:54: 7    [main] ( OfferMyClient.java,41 ) - NIO客服端接收字符：i
[ INFO] [I] 2024-03-20 12:34:54: 7    [main] ( OfferMyClient.java,41 ) - NIO客服端接收字符：e
[ INFO] [I] 2024-03-20 12:34:54: 8    [main] ( OfferMyClient.java,41 ) - NIO客服端接收字符：n
[ INFO] [I] 2024-03-20 12:34:54: 8    [main] ( OfferMyClient.java,41 ) - NIO客服端接收字符：t
[ INFO] [I] 2024-03-20 12:35:10: 0    [main] ( OfferMyClient.java,41 ) - NIO客服端接收字符：h
[ INFO] [I] 2024-03-20 12:35:10: 2    [main] ( OfferMyClient.java,41 ) - NIO客服端接收字符：e
[ INFO] [I] 2024-03-20 12:35:10: 3    [main] ( OfferMyClient.java,41 ) - NIO客服端接收字符：l
[ INFO] [I] 2024-03-20 12:35:10: 3    [main] ( OfferMyClient.java,41 ) - NIO客服端接收字符：l
[ INFO] [I] 2024-03-20 12:35:10: 3    [main] ( OfferMyClient.java,41 ) - NIO客服端接收字符：o
[ INFO] [I] 2024-03-20 12:35:10: 4    [main] ( OfferMyClient.java,41 ) - NIO客服端接收字符： 
[ INFO] [I] 2024-03-20 12:35:10: 4    [main] ( OfferMyClient.java,41 ) - NIO客服端接收字符：c
[ INFO] [I] 2024-03-20 12:35:10: 5    [main] ( OfferMyClient.java,41 ) - NIO客服端接收字符：l
[ INFO] [I] 2024-03-20 12:35:10: 5    [main] ( OfferMyClient.java,41 ) - NIO客服端接收字符：i
[ INFO] [I] 2024-03-20 12:35:10: 5    [main] ( OfferMyClient.java,41 ) - NIO客服端接收字符：e
[ INFO] [I] 2024-03-20 12:35:10: 6    [main] ( OfferMyClient.java,41 ) - NIO客服端接收字符：n
[ INFO] [I] 2024-03-20 12:35:10: 6    [main] ( OfferMyClient.java,41 ) - NIO客服端接收字符：t
[ INFO] [I] 2024-03-20 12:48:34: 0    [main] ( NioServer.java,47 ) - NIO服务端监听端口：9999
[ INFO] [I] 2024-03-20 12:49:57: 0    [main] ( NioServer.java,47 ) - NIO服务端监听端口：9999
[ INFO] [I] 2024-03-20 12:50:03: 5328 [main] ( NioServer.java,68 ) - NIO服务端：online client num = 1
[ INFO] [I] 2024-03-20 12:50:03: 5332 [main] ( NioServer.java,88 ) - NIO服务端读取字符：h
[ INFO] [I] 2024-03-20 12:50:03: 5333 [main] ( NioServer.java,88 ) - NIO服务端读取字符：e
[ INFO] [I] 2024-03-20 12:50:03: 5333 [main] ( NioServer.java,88 ) - NIO服务端读取字符：l
[ INFO] [I] 2024-03-20 12:50:03: 5334 [main] ( NioServer.java,88 ) - NIO服务端读取字符：l
[ INFO] [I] 2024-03-20 12:50:03: 5335 [main] ( NioServer.java,88 ) - NIO服务端读取字符：o
[ INFO] [I] 2024-03-20 12:50:03: 5335 [main] ( NioServer.java,88 ) - NIO服务端读取字符： 
[ INFO] [I] 2024-03-20 12:50:03: 5335 [main] ( NioServer.java,88 ) - NIO服务端读取字符：s
[ INFO] [I] 2024-03-20 12:50:03: 5336 [main] ( NioServer.java,88 ) - NIO服务端读取字符：e
[ INFO] [I] 2024-03-20 12:50:03: 5336 [main] ( NioServer.java,88 ) - NIO服务端读取字符：r
[ INFO] [I] 2024-03-20 12:50:03: 5337 [main] ( NioServer.java,88 ) - NIO服务端读取字符：v
[ INFO] [I] 2024-03-20 12:50:03: 5337 [main] ( NioServer.java,88 ) - NIO服务端读取字符：e
[ INFO] [I] 2024-03-20 12:50:03: 5337 [main] ( NioServer.java,88 ) - NIO服务端读取字符：r
[ INFO] [I] 2024-03-20 12:50:37: 0    [main] ( NioServer.java,47 ) - NIO服务端监听端口：9999
[ INFO] [I] 2024-03-20 12:50:41: 4590 [main] ( NioServer.java,68 ) - NIO服务端：online client num = 1
[ INFO] [I] 2024-03-20 12:50:41: 4603 [main] ( NioServer.java,88 ) - NIO服务端读取字符：h
[ INFO] [I] 2024-03-20 12:50:41: 4603 [main] ( NioServer.java,88 ) - NIO服务端读取字符：e
[ INFO] [I] 2024-03-20 12:50:41: 4604 [main] ( NioServer.java,88 ) - NIO服务端读取字符：l
[ INFO] [I] 2024-03-20 12:50:41: 4604 [main] ( NioServer.java,88 ) - NIO服务端读取字符：l
[ INFO] [I] 2024-03-20 12:50:41: 4604 [main] ( NioServer.java,88 ) - NIO服务端读取字符：o
[ INFO] [I] 2024-03-20 12:50:41: 4605 [main] ( NioServer.java,88 ) - NIO服务端读取字符： 
[ INFO] [I] 2024-03-20 12:50:41: 4606 [main] ( NioServer.java,88 ) - NIO服务端读取字符：s
[ INFO] [I] 2024-03-20 12:50:41: 4607 [main] ( NioServer.java,88 ) - NIO服务端读取字符：e
[ INFO] [I] 2024-03-20 12:50:41: 4608 [main] ( NioServer.java,88 ) - NIO服务端读取字符：r
[ INFO] [I] 2024-03-20 12:50:41: 4608 [main] ( NioServer.java,88 ) - NIO服务端读取字符：v
[ INFO] [I] 2024-03-20 12:50:41: 4608 [main] ( NioServer.java,88 ) - NIO服务端读取字符：e
[ INFO] [I] 2024-03-20 12:50:41: 4609 [main] ( NioServer.java,88 ) - NIO服务端读取字符：r
[ INFO] [I] 2024-03-20 12:50:41: 0    [main] ( NioClient.java,41 ) - NIO客服端接收字符：h
[ INFO] [I] 2024-03-20 12:50:41: 6    [main] ( NioClient.java,41 ) - NIO客服端接收字符：e
[ INFO] [I] 2024-03-20 12:50:41: 6    [main] ( NioClient.java,41 ) - NIO客服端接收字符：l
[ INFO] [I] 2024-03-20 12:50:41: 10   [main] ( NioClient.java,41 ) - NIO客服端接收字符：l
[ INFO] [I] 2024-03-20 12:50:41: 11   [main] ( NioClient.java,41 ) - NIO客服端接收字符：o
[ INFO] [I] 2024-03-20 12:50:41: 12   [main] ( NioClient.java,41 ) - NIO客服端接收字符： 
[ INFO] [I] 2024-03-20 12:50:41: 12   [main] ( NioClient.java,41 ) - NIO客服端接收字符：c
[ INFO] [I] 2024-03-20 12:50:41: 16   [main] ( NioClient.java,41 ) - NIO客服端接收字符：l
[ INFO] [I] 2024-03-20 12:50:41: 16   [main] ( NioClient.java,41 ) - NIO客服端接收字符：i
[ INFO] [I] 2024-03-20 12:50:41: 16   [main] ( NioClient.java,41 ) - NIO客服端接收字符：e
[ INFO] [I] 2024-03-20 12:50:41: 17   [main] ( NioClient.java,41 ) - NIO客服端接收字符：n
[ INFO] [I] 2024-03-20 12:50:41: 18   [main] ( NioClient.java,41 ) - NIO客服端接收字符：t
[ INFO] [I] 2024-03-20 12:55:49: 0    [main] ( NioServer.java,47 ) - NIO服务端监听端口：9999
[ INFO] [I] 2024-03-20 12:55:53: 3933 [main] ( NioServer.java,68 ) - NIO服务端：online client num = 1
[ INFO] [I] 2024-03-20 12:55:53: 3938 [main] ( NioServer.java,88 ) - NIO服务端读取字符：h
[ INFO] [I] 2024-03-20 12:55:53: 3939 [main] ( NioServer.java,88 ) - NIO服务端读取字符：e
[ INFO] [I] 2024-03-20 12:55:53: 3939 [main] ( NioServer.java,88 ) - NIO服务端读取字符：l
[ INFO] [I] 2024-03-20 12:55:53: 3939 [main] ( NioServer.java,88 ) - NIO服务端读取字符：l
[ INFO] [I] 2024-03-20 12:55:53: 3940 [main] ( NioServer.java,88 ) - NIO服务端读取字符：o
[ INFO] [I] 2024-03-20 12:55:53: 3940 [main] ( NioServer.java,88 ) - NIO服务端读取字符： 
[ INFO] [I] 2024-03-20 12:55:53: 3941 [main] ( NioServer.java,88 ) - NIO服务端读取字符：s
[ INFO] [I] 2024-03-20 12:55:53: 3942 [main] ( NioServer.java,88 ) - NIO服务端读取字符：e
[ INFO] [I] 2024-03-20 12:55:53: 3942 [main] ( NioServer.java,88 ) - NIO服务端读取字符：r
[ INFO] [I] 2024-03-20 12:55:53: 3943 [main] ( NioServer.java,88 ) - NIO服务端读取字符：v
[ INFO] [I] 2024-03-20 12:55:53: 3943 [main] ( NioServer.java,88 ) - NIO服务端读取字符：e
[ INFO] [I] 2024-03-20 12:55:53: 3943 [main] ( NioServer.java,88 ) - NIO服务端读取字符：r
[ INFO] [I] 2024-03-20 12:55:53: 0    [main] ( NioClient.java,40 ) - NIO客服端接收字符：h
[ INFO] [I] 2024-03-20 12:55:53: 5    [main] ( NioClient.java,40 ) - NIO客服端接收字符：e
[ INFO] [I] 2024-03-20 12:55:53: 8    [main] ( NioClient.java,40 ) - NIO客服端接收字符：l
[ INFO] [I] 2024-03-20 12:55:53: 8    [main] ( NioClient.java,40 ) - NIO客服端接收字符：l
[ INFO] [I] 2024-03-20 12:55:53: 8    [main] ( NioClient.java,40 ) - NIO客服端接收字符：o
[ INFO] [I] 2024-03-20 12:55:53: 9    [main] ( NioClient.java,40 ) - NIO客服端接收字符： 
[ INFO] [I] 2024-03-20 12:55:53: 10   [main] ( NioClient.java,40 ) - NIO客服端接收字符：c
[ INFO] [I] 2024-03-20 12:55:53: 10   [main] ( NioClient.java,40 ) - NIO客服端接收字符：l
[ INFO] [I] 2024-03-20 12:55:53: 11   [main] ( NioClient.java,40 ) - NIO客服端接收字符：i
[ INFO] [I] 2024-03-20 12:55:53: 11   [main] ( NioClient.java,40 ) - NIO客服端接收字符：e
[ INFO] [I] 2024-03-20 12:55:53: 12   [main] ( NioClient.java,40 ) - NIO客服端接收字符：n
[ INFO] [I] 2024-03-20 12:55:53: 13   [main] ( NioClient.java,40 ) - NIO客服端接收字符：t
[ INFO] [I] 2024-03-22 10:26:24: 0    [main] ( NioServer.java,47 ) - NIO服务端监听端口：9999
[ INFO] [I] 2024-03-22 10:26:34: 9528 [main] ( NioServer.java,68 ) - NIO服务端：online client num = 1
[ INFO] [I] 2024-03-22 10:26:34: 9531 [main] ( NioServer.java,88 ) - NIO服务端读取字符：h
[ INFO] [I] 2024-03-22 10:26:34: 9531 [main] ( NioServer.java,88 ) - NIO服务端读取字符：e
[ INFO] [I] 2024-03-22 10:26:34: 9531 [main] ( NioServer.java,88 ) - NIO服务端读取字符：l
[ INFO] [I] 2024-03-22 10:26:34: 9532 [main] ( NioServer.java,88 ) - NIO服务端读取字符：l
[ INFO] [I] 2024-03-22 10:26:34: 9532 [main] ( NioServer.java,88 ) - NIO服务端读取字符：o
[ INFO] [I] 2024-03-22 10:26:34: 9532 [main] ( NioServer.java,88 ) - NIO服务端读取字符： 
[ INFO] [I] 2024-03-22 10:26:34: 9533 [main] ( NioServer.java,88 ) - NIO服务端读取字符：s
[ INFO] [I] 2024-03-22 10:26:34: 9533 [main] ( NioServer.java,88 ) - NIO服务端读取字符：e
[ INFO] [I] 2024-03-22 10:26:34: 9533 [main] ( NioServer.java,88 ) - NIO服务端读取字符：r
[ INFO] [I] 2024-03-22 10:26:34: 9534 [main] ( NioServer.java,88 ) - NIO服务端读取字符：v
[ INFO] [I] 2024-03-22 10:26:34: 9534 [main] ( NioServer.java,88 ) - NIO服务端读取字符：e
[ INFO] [I] 2024-03-22 10:26:34: 9534 [main] ( NioServer.java,88 ) - NIO服务端读取字符：r
[ INFO] [I] 2024-03-22 10:26:34: 0    [main] ( NioClient.java,40 ) - NIO客服端接收字符：h
[ INFO] [I] 2024-03-22 10:26:34: 3    [main] ( NioClient.java,40 ) - NIO客服端接收字符：e
[ INFO] [I] 2024-03-22 10:26:34: 3    [main] ( NioClient.java,40 ) - NIO客服端接收字符：l
[ INFO] [I] 2024-03-22 10:26:34: 4    [main] ( NioClient.java,40 ) - NIO客服端接收字符：l
[ INFO] [I] 2024-03-22 10:26:34: 4    [main] ( NioClient.java,40 ) - NIO客服端接收字符：o
[ INFO] [I] 2024-03-22 10:26:34: 4    [main] ( NioClient.java,40 ) - NIO客服端接收字符： 
[ INFO] [I] 2024-03-22 10:26:34: 4    [main] ( NioClient.java,40 ) - NIO客服端接收字符：c
[ INFO] [I] 2024-03-22 10:26:34: 4    [main] ( NioClient.java,40 ) - NIO客服端接收字符：l
[ INFO] [I] 2024-03-22 10:26:34: 5    [main] ( NioClient.java,40 ) - NIO客服端接收字符：i
[ INFO] [I] 2024-03-22 10:26:34: 5    [main] ( NioClient.java,40 ) - NIO客服端接收字符：e
[ INFO] [I] 2024-03-22 10:26:34: 5    [main] ( NioClient.java,40 ) - NIO客服端接收字符：n
[ INFO] [I] 2024-03-22 10:26:34: 5    [main] ( NioClient.java,40 ) - NIO客服端接收字符：t
[ INFO] [I] 2024-03-22 10:46:05: 0    [main] ( NioClient.java,40 ) - NIO Client：h, 时间:1711075565402
[ INFO] [I] 2024-03-22 10:46:05: 3    [main] ( NioClient.java,40 ) - NIO Client：e, 时间:1711075565407
[ INFO] [I] 2024-03-22 10:46:05: 0    [main] ( NioServer.java,87 ) - NIO Server：h，时间:1711075565402
[ INFO] [I] 2024-03-22 10:46:05: 4    [main] ( NioClient.java,40 ) - NIO Client：l, 时间:1711075565407
[ INFO] [I] 2024-03-22 10:46:05: 4    [main] ( NioServer.java,87 ) - NIO Server：e，时间:1711075565408
[ INFO] [I] 2024-03-22 10:46:05: 4    [main] ( NioClient.java,40 ) - NIO Client：l, 时间:1711075565408
[ INFO] [I] 2024-03-22 10:46:05: 4    [main] ( NioServer.java,87 ) - NIO Server：l，时间:1711075565408
[ INFO] [I] 2024-03-22 10:46:05: 4    [main] ( NioClient.java,40 ) - NIO Client：o, 时间:1711075565408
[ INFO] [I] 2024-03-22 10:46:05: 5    [main] ( NioServer.java,87 ) - NIO Server：l，时间:1711075565409
[ INFO] [I] 2024-03-22 10:46:05: 5    [main] ( NioClient.java,40 ) - NIO Client： , 时间:1711075565409
[ INFO] [I] 2024-03-22 10:46:05: 5    [main] ( NioServer.java,87 ) - NIO Server：o，时间:1711075565409
[ INFO] [I] 2024-03-22 10:46:05: 5    [main] ( NioClient.java,40 ) - NIO Client：c, 时间:1711075565409
[ INFO] [I] 2024-03-22 10:46:05: 6    [main] ( NioServer.java,87 ) - NIO Server： ，时间:1711075565410
[ INFO] [I] 2024-03-22 10:46:05: 6    [main] ( NioClient.java,40 ) - NIO Client：l, 时间:1711075565410
[ INFO] [I] 2024-03-22 10:46:05: 6    [main] ( NioServer.java,87 ) - NIO Server：s，时间:1711075565410
[ INFO] [I] 2024-03-22 10:46:05: 6    [main] ( NioClient.java,40 ) - NIO Client：i, 时间:1711075565410
[ INFO] [I] 2024-03-22 10:46:05: 6    [main] ( NioServer.java,87 ) - NIO Server：e，时间:1711075565410
[ INFO] [I] 2024-03-22 10:46:05: 7    [main] ( NioServer.java,87 ) - NIO Server：r，时间:1711075565411
[ INFO] [I] 2024-03-22 10:46:05: 7    [main] ( NioServer.java,87 ) - NIO Server：v，时间:1711075565411
[ INFO] [I] 2024-03-22 10:46:05: 7    [main] ( NioClient.java,40 ) - NIO Client：e, 时间:1711075565411
[ INFO] [I] 2024-03-22 10:46:05: 8    [main] ( NioServer.java,87 ) - NIO Server：e，时间:1711075565412
[ INFO] [I] 2024-03-22 10:46:05: 8    [main] ( NioClient.java,40 ) - NIO Client：n, 时间:1711075565412
[ INFO] [I] 2024-03-22 10:46:05: 8    [main] ( NioServer.java,87 ) - NIO Server：r，时间:1711075565412
[ INFO] [I] 2024-03-22 10:46:05: 8    [main] ( NioClient.java,40 ) - NIO Client：t, 时间:1711075565412
[ INFO] [I] 2024-03-23 10:06:21: 0    [main] ( ReflectTest.java,23 ) - class1:class com.csy.interview.offer_come.basic.reflect.Person
[ INFO] [I] 2024-03-23 10:06:21: 4    [main] ( ReflectTest.java,27 ) - class2:class com.csy.interview.offer_come.basic.reflect.Person
[ INFO] [I] 2024-03-23 10:08:33: 0    [main] ( ReflectTest.java,23 ) - class1:class com.csy.interview.offer_come.basic.reflect.Person
[ INFO] [I] 2024-03-23 10:08:33: 3    [main] ( ReflectTest.java,27 ) - class2:class com.csy.interview.offer_come.basic.reflect.Person
[ INFO] [I] 2024-03-23 10:08:33: 3    [main] ( ReflectTest.java,31 ) - class3:class com.csy.interview.offer_come.basic.reflect.Person
[ INFO] [I] 2024-03-23 10:10:17: 0    [main] ( ReflectTest.java,23 ) - class1:class com.csy.interview.offer_come.basic.reflect.Person
[ INFO] [I] 2024-03-23 10:10:17: 3    [main] ( ReflectTest.java,27 ) - class2:class com.csy.interview.offer_come.basic.reflect.Person
[ INFO] [I] 2024-03-23 10:10:17: 3    [main] ( ReflectTest.java,31 ) - class3:class com.csy.interview.offer_come.basic.reflect.Person
[ INFO] [I] 2024-03-23 10:10:40: 0    [main] ( ReflectTest.java,24 ) - class1:"com.csy.interview.offer_come.basic.reflect.Person"
[ INFO] [I] 2024-03-23 10:10:41: 2    [main] ( ReflectTest.java,28 ) - class2:class com.csy.interview.offer_come.basic.reflect.Person
[ INFO] [I] 2024-03-23 10:10:41: 3    [main] ( ReflectTest.java,32 ) - class3:class com.csy.interview.offer_come.basic.reflect.Person
[ INFO] [I] 2024-03-23 10:11:06: 0    [main] ( ReflectTest.java,24 ) - class1:class com.csy.interview.offer_come.basic.reflect.Person
[ INFO] [I] 2024-03-23 10:11:06: 2    [main] ( ReflectTest.java,28 ) - class2:class com.csy.interview.offer_come.basic.reflect.Person
[ INFO] [I] 2024-03-23 10:11:06: 2    [main] ( ReflectTest.java,32 ) - class3:class com.csy.interview.offer_come.basic.reflect.Person
[ INFO] [I] 2024-03-23 10:11:25: 0    [main] ( ReflectTest.java,24 ) - class1:class com.csy.interview.offer_come.basic.reflect.Person
[ INFO] [I] 2024-03-23 10:11:38: 12916 [main] ( ReflectTest.java,28 ) - class2:class com.csy.interview.offer_come.basic.reflect.Person
[ INFO] [I] 2024-03-23 10:11:53: 28025 [main] ( ReflectTest.java,32 ) - class3:class com.csy.interview.offer_come.basic.reflect.Person
[ INFO] [I] 2024-03-23 10:13:17: 0    [main] ( ReflectTest.java,25 ) - class1:class com.csy.interview.offer_come.basic.reflect.Person
[ INFO] [I] 2024-03-23 10:13:23: 6656 [main] ( ReflectTest.java,29 ) - class2:class com.csy.interview.offer_come.basic.reflect.Person
[ INFO] [I] 2024-03-23 10:13:29: 11820 [main] ( ReflectTest.java,33 ) - class3:class com.csy.interview.offer_come.basic.reflect.Person
[ INFO] [I] 2024-03-23 10:25:00: 0    [main] ( ReflectTest.java,59 ) - 反射获取的method：public void com.csy.interview.offer_come.basic.reflect.Person.setAddress(java.lang.String)
[ INFO] [I] 2024-03-23 10:25:00: 3    [main] ( ReflectTest.java,59 ) - 反射获取的method：public java.lang.Integer com.csy.interview.offer_come.basic.reflect.Person.getAge()
[ INFO] [I] 2024-03-23 10:25:00: 3    [main] ( ReflectTest.java,59 ) - 反射获取的method：public void com.csy.interview.offer_come.basic.reflect.Person.setAge(java.lang.Integer)
[ INFO] [I] 2024-03-23 10:25:00: 3    [main] ( ReflectTest.java,59 ) - 反射获取的method：public java.lang.String com.csy.interview.offer_come.basic.reflect.Person.getAddress()
[ INFO] [I] 2024-03-23 10:25:00: 4    [main] ( ReflectTest.java,59 ) - 反射获取的method：public java.lang.String com.csy.interview.offer_come.basic.reflect.Person.getName()
[ INFO] [I] 2024-03-23 10:25:00: 4    [main] ( ReflectTest.java,59 ) - 反射获取的method：public void com.csy.interview.offer_come.basic.reflect.Person.setName(java.lang.String)
[ INFO] [I] 2024-03-23 10:25:00: 5    [main] ( ReflectTest.java,64 ) - 反射获取的field：private java.lang.String com.csy.interview.offer_come.basic.reflect.Person.name
[ INFO] [I] 2024-03-23 10:25:00: 5    [main] ( ReflectTest.java,64 ) - 反射获取的field：private java.lang.Integer com.csy.interview.offer_come.basic.reflect.Person.age
[ INFO] [I] 2024-03-23 10:25:00: 5    [main] ( ReflectTest.java,64 ) - 反射获取的field：private java.lang.String com.csy.interview.offer_come.basic.reflect.Person.address
[ INFO] [I] 2024-03-23 10:25:00: 6    [main] ( ReflectTest.java,69 ) - 反射获取的constructor：public com.csy.interview.offer_come.basic.reflect.Person()
[ INFO] [I] 2024-03-23 10:25:00: 6    [main] ( ReflectTest.java,69 ) - 反射获取的constructor：public com.csy.interview.offer_come.basic.reflect.Person(java.lang.String,java.lang.Integer,java.lang.String)
[ INFO] [I] 2024-03-23 10:36:36: 0    [main] ( ReflectTest.java,101 ) - 通过Class的newInstance创建对象，com.csy.interview.offer_come.basic.reflect.Person@b065c63
[ INFO] [I] 2024-03-23 10:36:36: 2    [main] ( ReflectTest.java,106 ) - 通过Constructor的newInstance创建对象，com.csy.interview.offer_come.basic.reflect.Person@7bfcd12c
[ INFO] [I] 2024-03-23 10:39:15: 0    [main] ( ReflectTest.java,101 ) - 通过Class的newInstance创建对象，com.csy.interview.offer_come.basic.reflect.Person@b065c63
[ INFO] [I] 2024-03-23 10:39:15: 3    [main] ( ReflectTest.java,106 ) - 通过Constructor的newInstance创建对象，com.csy.interview.offer_come.basic.reflect.Person@7bfcd12c
[ INFO] [I] 2024-03-23 10:39:21: 0    [main] ( ReflectTest.java,101 ) - 通过Class的newInstance创建对象，com.csy.interview.offer_come.basic.reflect.Person@b065c63
[ INFO] [I] 2024-03-23 10:39:21: 2    [main] ( ReflectTest.java,106 ) - 通过Constructor的newInstance创建对象，com.csy.interview.offer_come.basic.reflect.Person@7bfcd12c
[ INFO] [I] 2024-03-23 10:46:25: 0    [main] ( ReflectTest.java,133 ) - getName()返回值：alex
[ INFO] [I] 2024-03-25 08:26:39: 0    [main] ( NioServer.java,50 ) - Nio Server bind port:9999
[ INFO] [I] 2024-03-25 08:26:49: 9565 [main] ( NioServer.java,88 ) - NIO Server：h，时间:1711326409209
[ INFO] [I] 2024-03-25 08:26:49: 9566 [main] ( NioServer.java,88 ) - NIO Server：e，时间:1711326409210
[ INFO] [I] 2024-03-25 08:26:49: 9566 [main] ( NioServer.java,88 ) - NIO Server：l，时间:1711326409210
[ INFO] [I] 2024-03-25 08:26:49: 9566 [main] ( NioServer.java,88 ) - NIO Server：l，时间:1711326409210
[ INFO] [I] 2024-03-25 08:26:49: 9567 [main] ( NioServer.java,88 ) - NIO Server：o，时间:1711326409211
[ INFO] [I] 2024-03-25 08:26:49: 9567 [main] ( NioServer.java,88 ) - NIO Server： ，时间:1711326409211
[ INFO] [I] 2024-03-25 08:26:49: 9567 [main] ( NioServer.java,88 ) - NIO Server：s，时间:1711326409211
[ INFO] [I] 2024-03-25 08:26:49: 9567 [main] ( NioServer.java,88 ) - NIO Server：e，时间:1711326409211
[ INFO] [I] 2024-03-25 08:26:49: 9567 [main] ( NioServer.java,88 ) - NIO Server：r，时间:1711326409211
[ INFO] [I] 2024-03-25 08:26:49: 9568 [main] ( NioServer.java,88 ) - NIO Server：v，时间:1711326409212
[ INFO] [I] 2024-03-25 08:26:49: 9568 [main] ( NioServer.java,88 ) - NIO Server：e，时间:1711326409212
[ INFO] [I] 2024-03-25 08:26:49: 9568 [main] ( NioServer.java,88 ) - NIO Server：r，时间:1711326409212
[ INFO] [I] 2024-03-25 08:26:49: 0    [main] ( NioClient.java,40 ) - NIO Client：h, 时间:1711326409209
[ INFO] [I] 2024-03-25 08:26:49: 3    [main] ( NioClient.java,40 ) - NIO Client：e, 时间:1711326409214
[ INFO] [I] 2024-03-25 08:26:49: 3    [main] ( NioClient.java,40 ) - NIO Client：l, 时间:1711326409214
[ INFO] [I] 2024-03-25 08:26:49: 3    [main] ( NioClient.java,40 ) - NIO Client：l, 时间:1711326409214
[ INFO] [I] 2024-03-25 08:26:49: 3    [main] ( NioClient.java,40 ) - NIO Client：o, 时间:1711326409214
[ INFO] [I] 2024-03-25 08:26:49: 3    [main] ( NioClient.java,40 ) - NIO Client： , 时间:1711326409214
[ INFO] [I] 2024-03-25 08:26:49: 4    [main] ( NioClient.java,40 ) - NIO Client：c, 时间:1711326409215
[ INFO] [I] 2024-03-25 08:26:49: 4    [main] ( NioClient.java,40 ) - NIO Client：l, 时间:1711326409215
[ INFO] [I] 2024-03-25 08:26:49: 4    [main] ( NioClient.java,40 ) - NIO Client：i, 时间:1711326409215
[ INFO] [I] 2024-03-25 08:26:49: 5    [main] ( NioClient.java,40 ) - NIO Client：e, 时间:1711326409216
[ INFO] [I] 2024-03-25 08:26:49: 5    [main] ( NioClient.java,40 ) - NIO Client：n, 时间:1711326409216
[ INFO] [I] 2024-03-25 08:26:49: 5    [main] ( NioClient.java,40 ) - NIO Client：t, 时间:1711326409216
[ INFO] [I] 2024-03-25 08:32:38: 0    [main] ( NioServer.java,50 ) - Nio Server bind port:9999
[ INFO] [I] 2024-03-25 08:32:45: 6263 [main] ( NioServer.java,93 ) - haha:hello server
[ INFO] [I] 2024-03-25 08:32:45: 0    [main] ( NioClient.java,40 ) - NIO Client：h, 时间:1711326765075
[ INFO] [I] 2024-03-25 08:32:45: 3    [main] ( NioClient.java,40 ) - NIO Client：e, 时间:1711326765080
[ INFO] [I] 2024-03-25 08:32:45: 3    [main] ( NioClient.java,40 ) - NIO Client：l, 时间:1711326765080
[ INFO] [I] 2024-03-25 08:32:45: 4    [main] ( NioClient.java,40 ) - NIO Client：l, 时间:1711326765080
[ INFO] [I] 2024-03-25 08:32:45: 4    [main] ( NioClient.java,40 ) - NIO Client：o, 时间:1711326765081
[ INFO] [I] 2024-03-25 08:32:45: 4    [main] ( NioClient.java,40 ) - NIO Client： , 时间:1711326765081
[ INFO] [I] 2024-03-25 08:32:45: 4    [main] ( NioClient.java,40 ) - NIO Client：c, 时间:1711326765081
[ INFO] [I] 2024-03-25 08:32:45: 5    [main] ( NioClient.java,40 ) - NIO Client：l, 时间:1711326765082
[ INFO] [I] 2024-03-25 08:32:45: 5    [main] ( NioClient.java,40 ) - NIO Client：i, 时间:1711326765082
[ INFO] [I] 2024-03-25 08:32:45: 6    [main] ( NioClient.java,40 ) - NIO Client：e, 时间:1711326765083
[ INFO] [I] 2024-03-25 08:32:45: 6    [main] ( NioClient.java,40 ) - NIO Client：n, 时间:1711326765083
[ INFO] [I] 2024-03-25 08:32:45: 6    [main] ( NioClient.java,40 ) - NIO Client：t, 时间:1711326765083
[ INFO] [I] 2024-03-25 08:36:05: 0    [main] ( NioServer.java,50 ) - Nio Server bind port:9999
[ INFO] [I] 2024-03-25 08:36:11: 5622 [main] ( NioServer.java,93 ) - 服务端_收到消息：hello server，时间：1711326971401
[ INFO] [I] 2024-03-25 08:36:11: 0    [main] ( NioClient.java,41 ) - NIO Client：h, 时间:1711326971401
[ INFO] [I] 2024-03-25 08:36:11: 3    [main] ( NioClient.java,41 ) - NIO Client：l, 时间:1711326971406
[ INFO] [I] 2024-03-25 08:36:11: 3    [main] ( NioClient.java,41 ) - NIO Client：o, 时间:1711326971406
[ INFO] [I] 2024-03-25 08:36:11: 3    [main] ( NioClient.java,41 ) - NIO Client：c, 时间:1711326971406
[ INFO] [I] 2024-03-25 08:36:11: 4    [main] ( NioClient.java,41 ) - NIO Client：i, 时间:1711326971407
[ INFO] [I] 2024-03-25 08:36:11: 4    [main] ( NioClient.java,41 ) - NIO Client：n, 时间:1711326971407
[ INFO] [I] 2024-03-25 08:36:11: 4    [main] ( NioClient.java,46 ) - 客户端_收到消息：el let，时间：1711326971407
[ INFO] [I] 2024-03-25 08:38:10: 0    [main] ( NioServer.java,50 ) - Nio Server bind port:9999
[ INFO] [I] 2024-03-25 08:38:15: 4892 [main] ( NioServer.java,92 ) - 服务端_收到消息：hello server，时间：1711327095044
[ INFO] [I] 2024-03-25 08:38:15: 0    [main] ( NioClient.java,43 ) - 客户端_收到消息：hello client，时间：1711327095043
[ INFO] [I] 2024-03-25 08:57:36: 0    [main] ( NioServer.java,50 ) - Nio Server bind port:9999
[ INFO] [I] 2024-03-25 09:00:14: 0    [main] ( NioServer.java,50 ) - Nio Server bind port:9999
[ INFO] [I] 2024-03-25 09:11:34: 0    [main] ( NioClient.java,43 ) - 客户端_收到消息：hello client，时间：1711329094220
[ INFO] [I] 2024-03-25 09:11:51: 0    [main] ( NioServer.java,50 ) - Nio Server bind port:9999
[ INFO] [I] 2024-03-25 09:26:57: 0    [main] ( NioClient.java,43 ) - 客户端_收到消息：hello client，时间：1711330017796
[ INFO] [I] 2024-03-25 09:28:14: 983533 [main] ( NioServer.java,92 ) - 服务端_收到消息：hello server，时间：1711330094692
[ INFO] [I] 2024-03-26 08:23:49: 0    [main] ( NioServer.java,50 ) - Nio Server bind port:9999
[ INFO] [I] 2024-03-26 08:24:27: 0    [main] ( NioServer.java,50 ) - Nio Server bind port:9999
[ INFO] [I] 2024-03-26 08:25:00: 33639 [main] ( NioServer.java,92 ) - 服务端_收到消息：hello server，时间：1711412700937
[ INFO] [I] 2024-03-26 08:25:00: 0    [main] ( NioClient.java,43 ) - 客户端_收到消息：hello client，时间：1711412700936
[ INFO] [I] 2024-03-26 08:25:16: 0    [main] ( NioServer.java,50 ) - Nio Server bind port:9999
[ INFO] [I] 2024-03-26 08:25:25: 9162 [main] ( NioServer.java,92 ) - 服务端_收到消息：hello server，时间：1711412725769
[ INFO] [I] 2024-03-26 08:25:25: 1    [main] ( NioClient.java,43 ) - 客户端_收到消息：hello client，时间：1711412725770
[ INFO] [I] 2024-03-26 08:30:02: 0    [main] ( NioServer.java,50 ) - Nio Server bind port:9999
[ INFO] [I] 2024-03-26 08:46:59: 1    [main] ( NioServer.java,50 ) - Nio Server bind port:9999
[ INFO] [I] 2024-03-26 08:57:32: 0    [main] ( NioServer.java,50 ) - Nio Server bind port:9999
[ INFO] [I] 2024-03-26 09:02:43: 0    [main] ( NioServer.java,50 ) - Nio Server bind port:9999
[ INFO] [I] 2024-03-26 09:09:51: 428024 [main] ( NioServer.java,92 ) - 服务端_收到消息：hello server，时间：1711415391910
[ INFO] [I] 2024-03-26 09:09:51: 0    [main] ( NioClient.java,43 ) - 客户端_收到消息：hello client，时间：1711415391910
[ INFO] [I] 2024-03-26 09:12:33: 0    [main] ( NioServer.java,50 ) - Nio Server bind port:9999
[ INFO] [I] 2024-03-26 09:12:37: 4468 [main] ( NioServer.java,93 ) - 服务端_收到消息：hello server，时间：1711415557903
[ INFO] [I] 2024-03-26 09:12:37: 0    [main] ( NioClient.java,43 ) - 客户端_收到消息：hello client，时间：1711415557903
[ INFO] [I] 2024-05-15 06:54:38: 0    [main] ( GenericTest.java,26 ) - 1
[ INFO] [I] 2024-05-15 06:54:38: 5    [main] ( GenericTest.java,30 ) - 2
[ INFO] [I] 2024-05-15 07:01:25: 0    [main] ( GenericTest.java,62 ) - 10
[ INFO] [I] 2024-05-15 07:01:25: 5    [main] ( GenericTest.java,66 ) - 10.05
[ INFO] [I] 2024-05-15 07:01:25: 158  [main] ( GenericTest.java,71 ) - [{"id":10},{"id":10.05}]
